<?xml version="1.0" encoding="UTF-8"?>
<testng-results ignored="0" total="1" passed="1" failed="0" skipped="0">
  <reporter-output>
  </reporter-output>
  <suite started-at="2025-04-07T01:48:52 IST" name="Default suite" finished-at="2025-04-07T01:49:10 IST" duration-ms="17533">
    <groups>
    </groups>
    <test started-at="2025-04-07T01:48:52 IST" name="Default test" finished-at="2025-04-07T01:49:10 IST" duration-ms="17533">
      <class name="Admin.CustomerTest">
        <test-method is-config="true" signature="beforeSuite()[pri:0, instance:Admin.CustomerTest@2362f559]" started-at="2025-04-07T01:48:52 IST" name="beforeSuite" finished-at="2025-04-07T01:48:52 IST" duration-ms="20" status="PASS">
          <reporter-output>
          </reporter-output>
        </test-method> <!-- beforeSuite -->
        <test-method is-config="true" signature="beforeClass()[pri:0, instance:Admin.CustomerTest@2362f559]" started-at="2025-04-07T01:48:53 IST" name="beforeClass" finished-at="2025-04-07T01:48:58 IST" duration-ms="5301" status="PASS">
          <reporter-output>
          </reporter-output>
        </test-method> <!-- beforeClass -->
        <test-method is-config="true" signature="beforeMethod()[pri:0, instance:Admin.CustomerTest@2362f559]" started-at="2025-04-07T01:48:58 IST" name="beforeMethod" finished-at="2025-04-07T01:49:00 IST" duration-ms="2342" status="PASS">
          <reporter-output>
          </reporter-output>
        </test-method> <!-- beforeMethod -->
        <test-method signature="addCustomerTest()[pri:0, instance:Admin.CustomerTest@2362f559]" started-at="2025-04-07T01:49:00 IST" name="addCustomerTest" finished-at="2025-04-07T01:49:09 IST" duration-ms="8888" status="PASS">
          <reporter-output>
          </reporter-output>
        </test-method> <!-- addCustomerTest -->
        <test-method is-config="true" signature="afterMethod()[pri:0, instance:Admin.CustomerTest@2362f559]" started-at="2025-04-07T01:49:09 IST" name="afterMethod" finished-at="2025-04-07T01:49:09 IST" duration-ms="4" status="PASS">
          <reporter-output>
          </reporter-output>
        </test-method> <!-- afterMethod -->
        <test-method is-config="true" signature="afterClass()[pri:0, instance:Admin.CustomerTest@2362f559]" started-at="2025-04-07T01:49:09 IST" name="afterClass" finished-at="2025-04-07T01:49:10 IST" duration-ms="893" status="PASS">
          <reporter-output>
          </reporter-output>
        </test-method> <!-- afterClass -->
        <test-method is-config="true" signature="afterSuite()[pri:0, instance:Admin.CustomerTest@2362f559]" started-at="2025-04-07T01:49:10 IST" name="afterSuite" finished-at="2025-04-07T01:49:10 IST" duration-ms="1" status="PASS">
          <reporter-output>
          </reporter-output>
        </test-method> <!-- afterSuite -->
      </class> <!-- Admin.CustomerTest -->
    </test> <!-- Default test -->
  </suite> <!-- Default suite -->
</testng-results>
