<?xml version="1.0" encoding="UTF-8"?>
<!-- Generated by org.testng.reporters.JUnitXMLReporter -->
<testsuite ignored="4" hostname="SHREENIBAS" failures="0" tests="0" name="SystemTest" time="19.774" errors="0" timestamp="2025-04-07T02:40:36 IST">
  <testcase classname="com.SSinventory.baseClassUtility.BaseClassUtility" name="@AfterSuite afterSuite" time="0.0">
    <ignored/>
  </testcase> <!-- @AfterSuite afterSuite -->
  <testcase classname="com.SSinventory.baseClassUtility.BaseClassUtility" name="@AfterSuite afterSuite" time="0.0">
    <ignored/>
  </testcase> <!-- @AfterSuite afterSuite -->
  <testcase classname="com.SSinventory.baseClassUtility.BaseClassUtility" name="@BeforeSuite beforeSuite" time="0.0">
    <ignored/>
  </testcase> <!-- @BeforeSuite beforeSuite -->
  <testcase classname="com.SSinventory.baseClassUtility.BaseClassUtility" name="@BeforeSuite beforeSuite" time="0.0">
    <ignored/>
  </testcase> <!-- @BeforeSuite beforeSuite -->
</testsuite> <!-- SystemTest -->
